c:\users\vip b\desktop\vaccine_system\vaccine_system\x64\debug\vc142.pdb
c:\users\vip b\desktop\vaccine_system\vaccine_system\x64\debug\vc142.idb
c:\users\vip b\desktop\vaccine_system\vaccine_system\x64\debug\vaccine_tracking_system.obj
c:\users\vip b\desktop\vaccine_system\vaccine_system\x64\debug\system.obj
c:\users\vip b\desktop\vaccine_system\vaccine_system\x64\debug\user.obj
c:\users\20109\documents\project1\vaccine_system\x64\debug\vc142.pdb
c:\users\20109\documents\project1\vaccine_system\x64\debug\vc142.idb
c:\users\20109\documents\project1\vaccine_system\x64\debug\waitinglist.obj
c:\users\20109\documents\project1\vaccine_system\x64\debug\user.obj
c:\users\20109\documents\project1\vaccine_system\x64\debug\vaccine_tracking_system.obj
c:\users\zahran\desktop\new folder\vaccine_system\x64\debug\system.obj
c:\users\zahran\desktop\new folder\vaccine_system\x64\debug\user.obj
c:\users\zahran\desktop\new folder\vaccine_system\x64\debug\vaccine_tracking_system.obj
c:\users\zahran\desktop\new folder\vaccine_system\x64\debug\waitinglist.obj
c:\users\zahran\desktop\new folder\vaccine_system\x64\debug\vc142.idb
c:\users\zahran\desktop\new folder\vaccine_system\x64\debug\vc142.pdb
c:\users\zahran\desktop\new folder\x64\debug\vaccine_system.pdb
c:\users\zahran\desktop\new folder\vaccine_system\x64\debug\vaccine_system.tlog\cl.command.1.tlog
c:\users\zahran\desktop\new folder\vaccine_system\x64\debug\vaccine_system.tlog\cl.read.1.tlog
c:\users\zahran\desktop\new folder\vaccine_system\x64\debug\vaccine_system.tlog\cl.write.1.tlog
c:\users\zahran\desktop\new folder\vaccine_system\x64\debug\vaccine_system.tlog\link.10992.read.1.tlog
c:\users\zahran\desktop\new folder\vaccine_system\x64\debug\vaccine_system.tlog\link.10992.write.1.tlog
c:\users\zahran\desktop\new folder\vaccine_system\x64\debug\vaccine_system.tlog\link.command.1.tlog
c:\users\zahran\desktop\new folder\vaccine_system\x64\debug\vaccine_system.tlog\link.read.1.tlog
c:\users\zahran\desktop\new folder\vaccine_system\x64\debug\vaccine_system.tlog\link.write.1.tlog
